The target system is: Emscripten - 1 - x86
The host system is: Linux - 5.14.0-kali4-amd64 - x86_64
Performing C SOURCE FILE Test COMPILER_HAS_THOSE_TOGGLES succeeded with the following output:
Change Dir: /home/fbow/Desktop/projects/cpp/transport/build/CMakeFiles/CMakeTmp

Run Build Command(s):/usr/bin/gmake -f Makefile cmTC_39026/fast && /usr/bin/gmake  -f CMakeFiles/cmTC_39026.dir/build.make CMakeFiles/cmTC_39026.dir/build
gmake[1]: Entering directory '/home/fbow/Desktop/projects/cpp/transport/build/CMakeFiles/CMakeTmp'
Building C object CMakeFiles/cmTC_39026.dir/src.c.o
/home/fbow/Desktop/apps/emsdk/emsdk/upstream/emscripten/emcc -DCOMPILER_HAS_THOSE_TOGGLES  -Werror=pointer-arith -MD -MT CMakeFiles/cmTC_39026.dir/src.c.o -MF CMakeFiles/cmTC_39026.dir/src.c.o.d -o CMakeFiles/cmTC_39026.dir/src.c.o -c /home/fbow/Desktop/projects/cpp/transport/build/CMakeFiles/CMakeTmp/src.c
Linking C executable cmTC_39026.js
/usr/bin/cmake -E cmake_link_script CMakeFiles/cmTC_39026.dir/link.txt --verbose=1
/home/fbow/Desktop/apps/emsdk/emsdk/upstream/emscripten/emcc @CMakeFiles/cmTC_39026.dir/objects1.rsp -o cmTC_39026.js 
gmake[1]: Leaving directory '/home/fbow/Desktop/projects/cpp/transport/build/CMakeFiles/CMakeTmp'


Source file was:
int main(void) { return 0; }
Performing C SOURCE FILE Test CMAKE_HAVE_LIBC_PTHREAD succeeded with the following output:
Change Dir: /home/fbow/Desktop/projects/cpp/transport/build/CMakeFiles/CMakeTmp

Run Build Command(s):/usr/bin/gmake -f Makefile cmTC_345bc/fast && /usr/bin/gmake  -f CMakeFiles/cmTC_345bc.dir/build.make CMakeFiles/cmTC_345bc.dir/build
gmake[1]: Entering directory '/home/fbow/Desktop/projects/cpp/transport/build/CMakeFiles/CMakeTmp'
Building C object CMakeFiles/cmTC_345bc.dir/src.c.o
/home/fbow/Desktop/apps/emsdk/emsdk/upstream/emscripten/emcc -DCMAKE_HAVE_LIBC_PTHREAD  -fno-strict-aliasing -Werror=implicit-function-declaration -Werror=pointer-arith   -MD -MT CMakeFiles/cmTC_345bc.dir/src.c.o -MF CMakeFiles/cmTC_345bc.dir/src.c.o.d -o CMakeFiles/cmTC_345bc.dir/src.c.o -c /home/fbow/Desktop/projects/cpp/transport/build/CMakeFiles/CMakeTmp/src.c
Linking C executable cmTC_345bc.js
/usr/bin/cmake -E cmake_link_script CMakeFiles/cmTC_345bc.dir/link.txt --verbose=1
/home/fbow/Desktop/apps/emsdk/emsdk/upstream/emscripten/emcc -fno-strict-aliasing -Werror=implicit-function-declaration -Werror=pointer-arith   @CMakeFiles/cmTC_345bc.dir/objects1.rsp -o cmTC_345bc.js 
gmake[1]: Leaving directory '/home/fbow/Desktop/projects/cpp/transport/build/CMakeFiles/CMakeTmp'


Source file was:
#include <pthread.h>

static void* test_func(void* data)
{
  return data;
}

int main(void)
{
  pthread_t thread;
  pthread_create(&thread, NULL, test_func, NULL);
  pthread_detach(thread);
  pthread_cancel(thread);
  pthread_join(thread, NULL);
  pthread_atfork(NULL, NULL, NULL);
  pthread_exit(NULL);

  return 0;
}

